Started GET "/" for ::1 at 2024-06-14 01:10:39 +0700
  [1m[35m (1.5ms)[0m  [1m[35mCREATE TABLE "schema_migrations" ("version" varchar NOT NULL PRIMARY KEY)[0m
  [1m[35m (0.3ms)[0m  [1m[35mCREATE TABLE "ar_internal_metadata" ("key" varchar NOT NULL PRIMARY KEY, "value" varchar, "created_at" datetime(6) NOT NULL, "updated_at" datetime(6) NOT NULL)[0m
  [1m[36mActiveRecord::SchemaMigration Load (0.1ms)[0m  [1m[34mSELECT "schema_migrations"."version" FROM "schema_migrations" ORDER BY "schema_migrations"."version" ASC[0m
Processing by Rails::WelcomeController#index as HTML
  Rendering /home/doterb/.rvm/gems/ruby-3.2.2/gems/railties-7.1.3.4/lib/rails/templates/rails/welcome/index.html.erb
  Rendered /home/doterb/.rvm/gems/ruby-3.2.2/gems/railties-7.1.3.4/lib/rails/templates/rails/welcome/index.html.erb (Duration: 0.6ms | Allocations: 375)
Completed 200 OK in 17ms (Views: 5.5ms | ActiveRecord: 0.0ms | Allocations: 7758)


  [1m[36mActiveRecord::InternalMetadata Load (0.2ms)[0m  [1m[34mSELECT * FROM "ar_internal_metadata" WHERE "ar_internal_metadata"."key" = ? ORDER BY "ar_internal_metadata"."key" ASC LIMIT 1[0m  [[nil, "environment"]]
  [1m[36mActiveRecord::InternalMetadata Create (6.0ms)[0m  [1m[32mINSERT INTO "ar_internal_metadata" ("key", "value", "created_at", "updated_at") VALUES ('environment', 'development', '2024-06-13 18:12:58.459932', '2024-06-13 18:12:58.459936') RETURNING "key"[0m
  [1m[36mActiveRecord::SchemaMigration Load (0.1ms)[0m  [1m[34mSELECT "schema_migrations"."version" FROM "schema_migrations" ORDER BY "schema_migrations"."version" ASC[0m
Migrating to CreateUsers (20240613181105)
  [1m[36mTRANSACTION (0.0ms)[0m  [1m[36mbegin transaction[0m
  [1m[35m (0.8ms)[0m  [1m[35mCREATE TABLE "users" ("id" integer PRIMARY KEY AUTOINCREMENT NOT NULL, "username" varchar, "password" varchar, "email" varchar, "phone" varchar, "is_active" boolean DEFAULT 1, "created_at" datetime(6) NOT NULL, "updated_at" datetime(6) NOT NULL)[0m
  [1m[36mActiveRecord::SchemaMigration Create (0.1ms)[0m  [1m[32mINSERT INTO "schema_migrations" ("version") VALUES ('20240613181105') RETURNING "version"[0m
  [1m[36mTRANSACTION (0.1ms)[0m  [1m[36mcommit transaction[0m
  [1m[36mActiveRecord::SchemaMigration Load (0.0ms)[0m  [1m[34mSELECT "schema_migrations"."version" FROM "schema_migrations" ORDER BY "schema_migrations"."version" ASC[0m
Started GET "/users" for ::1 at 2024-06-14 01:28:14 +0700
  [1m[36mActiveRecord::SchemaMigration Load (0.1ms)[0m  [1m[34mSELECT "schema_migrations"."version" FROM "schema_migrations" ORDER BY "schema_migrations"."version" ASC[0m
Processing by UsersController#index as HTML
  [1m[36mUser Load (0.1ms)[0m  [1m[34mSELECT "users".* FROM "users"[0m
  ↳ app/controllers/users_controller.rb:7:in `index'
Completed 200 OK in 38ms (Views: 6.2ms | ActiveRecord: 2.1ms | Allocations: 12464)


Started GET "/users/new" for ::1 at 2024-06-14 01:28:28 +0700
Processing by UsersController#show as HTML
  Parameters: {"id"=>"new"}
  [1m[36mUser Load (0.1ms)[0m  [1m[34mSELECT "users".* FROM "users" WHERE "users"."id" = ? LIMIT ?[0m  [["id", nil], ["LIMIT", 1]]
  ↳ app/controllers/users_controller.rb:43:in `set_user'
Completed 404 Not Found in 8ms (ActiveRecord: 1.1ms | Allocations: 2719)


  
ActiveRecord::RecordNotFound (Couldn't find User with 'id'=new):
  
app/controllers/users_controller.rb:43:in `set_user'
Started GET "/users/" for ::1 at 2024-06-14 01:28:31 +0700
Processing by UsersController#index as HTML
  [1m[36mUser Load (0.1ms)[0m  [1m[34mSELECT "users".* FROM "users"[0m
  ↳ app/controllers/users_controller.rb:7:in `index'
Completed 200 OK in 2ms (Views: 2.0ms | ActiveRecord: 0.1ms | Allocations: 544)


Started POST "/users" for 127.0.0.1 at 2024-06-14 01:37:45 +0700
Processing by UsersController#create as */*
Completed 400 Bad Request in 1ms (ActiveRecord: 0.0ms | Allocations: 117)


  
ActionController::ParameterMissing (param is missing or the value is empty: user):
  
app/controllers/users_controller.rb:48:in `user_params'
app/controllers/users_controller.rb:17:in `create'
Started POST "/users" for 127.0.0.1 at 2024-06-14 01:38:12 +0700
Error occurred while parsing request parameters.
Contents:

{ "user": {  "name": "John Doe","email": "john.doe@example.com","password": "password",}}
Processing by UsersController#create as */*
Completed 400 Bad Request in 0ms (ActiveRecord: 0.0ms | Allocations: 125)


  
ActionDispatch::Http::Parameters::ParseError (Error occurred while parsing request parameters):
  
app/controllers/users_controller.rb:48:in `user_params'
app/controllers/users_controller.rb:17:in `create'
Started POST "/users" for 127.0.0.1 at 2024-06-14 01:38:44 +0700
Processing by UsersController#create as */*
  Parameters: {"user"=>{"name"=>"John Doe", "email"=>"john.doe@example.com", "password"=>"[FILTERED]"}}
[31mUnpermitted parameter: :name. Context: { controller: UsersController, action: create, request: #<ActionDispatch::Request:0x00007ffa0a6b2a90>, params: {"user"=>{"name"=>"John Doe", "email"=>"john.doe@example.com", "password"=>"[FILTERED]"}, "controller"=>"users", "action"=>"create"} }[0m
  [1m[36mTRANSACTION (0.0ms)[0m  [1m[36mbegin transaction[0m
  ↳ app/controllers/users_controller.rb:19:in `create'
  [1m[36mUser Create (2.0ms)[0m  [1m[32mINSERT INTO "users" ("username", "password", "email", "phone", "is_active", "created_at", "updated_at") VALUES (?, ?, ?, ?, ?, ?, ?) RETURNING "id"[0m  [["username", nil], ["password", "[FILTERED]"], ["email", "john.doe@example.com"], ["phone", nil], ["is_active", 1], ["created_at", "2024-06-13 18:38:44.204592"], ["updated_at", "2024-06-13 18:38:44.204592"]]
  ↳ app/controllers/users_controller.rb:19:in `create'
  [1m[36mTRANSACTION (5.7ms)[0m  [1m[36mcommit transaction[0m
  ↳ app/controllers/users_controller.rb:19:in `create'
Completed 201 Created in 37ms (Views: 0.4ms | ActiveRecord: 8.3ms | Allocations: 15250)


Started GET "/users/" for ::1 at 2024-06-14 01:38:49 +0700
Processing by UsersController#index as HTML
  [1m[36mUser Load (0.2ms)[0m  [1m[34mSELECT "users".* FROM "users"[0m
  ↳ app/controllers/users_controller.rb:7:in `index'
Completed 200 OK in 3ms (Views: 2.4ms | ActiveRecord: 0.2ms | Allocations: 686)


Started GET "/users/" for ::1 at 2024-06-14 01:45:10 +0700
Processing by UsersController#index as HTML
  [1m[36mUser Load (2.7ms)[0m  [1m[34mSELECT "users".* FROM "users"[0m
  ↳ app/controllers/users_controller.rb:7:in `index'
Completed 200 OK in 6ms (Views: 0.8ms | ActiveRecord: 4.5ms | Allocations: 886)


